<?xml version="1.0" encoding="UTF-8"?>
<!-- Generated by org.testng.reporters.JUnitReportReporter -->
<testsuite hostname="EIL-IT-990-09" name="automationFramework.FrameworkDriver" tests="1" failures="0" timestamp="6 Sep 2016 12:05:17 GMT" time="544.260" errors="0">
  <testcase name="StartTest" time="544.260" classname="automationFramework.FrameworkDriver"/>
</testsuite> <!-- automationFramework.FrameworkDriver -->
